#
# There is insufficient memory for the Java Runtime Environment to continue.
# Native memory allocation (mmap) failed to map 132644864 bytes for committing reserved memory.
# Possible reasons:
#   The system is out of physical RAM or swap space
#   In 32 bit mode, the process size limit was hit
# Possible solutions:
#   Reduce memory load on the system
#   Increase physical memory or swap space
#   Check if swap backing store is full
#   Use 64 bit Java on a 64 bit OS
#   Decrease Java heap size (-Xmx/-Xms)
#   Decrease number of Java threads
#   Decrease Java thread stack sizes (-Xss)
#   Set larger code cache with -XX:ReservedCodeCacheSize=
# This output file may be truncated or incomplete.
#
#  Out of Memory Error (os_linux.cpp:2640), pid=24555, tid=0x00007f3349dba700
#
# JRE version: Java(TM) SE Runtime Environment (8.0_161-b12) (build 1.8.0_161-b12)
# Java VM: Java HotSpot(TM) 64-Bit Server VM (25.161-b12 mixed mode linux-amd64 compressed oops)
# Failed to write core dump. Core dumps have been disabled. To enable core dumping, try "ulimit -c unlimited" before starting Java again
#

---------------  T H R E A D  ---------------

Current thread (0x00007f335c148000):  VMThread [stack: 0x00007f3349cba000,0x00007f3349dbb000] [id=24565]

Stack: [0x00007f3349cba000,0x00007f3349dbb000],  sp=0x00007f3349db8fa0,  free space=1019k
Native frames: (J=compiled Java code, j=interpreted, Vv=VM code, C=native code)
V  [libjvm.so+0xacf94a]  VMError::report_and_die()+0x2ba
V  [libjvm.so+0x50050b]  report_vm_out_of_memory(char const*, int, unsigned long, VMErrorType, char const*)+0x8b
V  [libjvm.so+0x92b133]  os::Linux::commit_memory_impl(char*, unsigned long, bool)+0x103
V  [libjvm.so+0x92b5c9]  os::pd_commit_memory(char*, unsigned long, unsigned long, bool)+0x29
V  [libjvm.so+0x924c0a]  os::commit_memory(char*, unsigned long, unsigned long, bool)+0x2a
V  [libjvm.so+0x99ab53]  PSVirtualSpace::expand_by(unsigned long)+0x53
V  [libjvm.so+0x99bf58]  PSYoungGen::resize_generation(unsigned long, unsigned long)+0xf8
V  [libjvm.so+0x99b0b2]  PSYoungGen::resize(unsigned long, unsigned long)+0x22
V  [libjvm.so+0x99838b]  PSScavenge::invoke_no_policy()+0xf3b
V  [libjvm.so+0x998b11]  PSScavenge::invoke()+0x41
V  [libjvm.so+0x94f5a0]  ParallelScavengeHeap::failed_mem_allocate(unsigned long)+0x70
V  [libjvm.so+0xad13c7]  VM_ParallelGCFailedAllocation::doit()+0x97
V  [libjvm.so+0xad8ed5]  VM_Operation::evaluate()+0x55
V  [libjvm.so+0xad729a]  VMThread::evaluate_operation(VM_Operation*)+0xba
V  [libjvm.so+0xad761e]  VMThread::loop()+0x1ce
V  [libjvm.so+0xad7a90]  VMThread::run()+0x70
V  [libjvm.so+0x92da28]  java_start(Thread*)+0x108

VM_Operation (0x00007f32ef0fb2a0): ParallelGCFailedAllocation, mode: safepoint, requested by thread 0x00007f32e802d800


---------------  P R O C E S S  ---------------

Java Threads: ( => current thread )
  0x00007f32e802d800 JavaThread "JMX server connection timeout 132" daemon [_thread_blocked, id=24826, stack(0x00007f32eeffc000,0x00007f32ef0fd000)]
  0x00007f32f0b31800 JavaThread "SimpleHostRoutingFilter.connectionManagerTimer" daemon [_thread_blocked, id=24817, stack(0x00007f32ee4f5000,0x00007f32ee5f6000)]
  0x00007f32f0b14000 JavaThread "File Watcher" daemon [_thread_blocked, id=24779, stack(0x00007f32ef0fd000,0x00007f32ef1fe000)]
  0x00007f32f0a74000 JavaThread "container-0" [_thread_blocked, id=24736, stack(0x00007f32ee5f6000,0x00007f32ee6f7000)]
  0x00007f32f0a70800 JavaThread "ContainerBackgroundProcessor[StandardEngine[Tomcat]]" daemon [_thread_blocked, id=24729, stack(0x00007f32ee6f7000,0x00007f32ee7f8000)]
  0x00007f330800e800 JavaThread "SimplePauseDetectorThread_0" daemon [_thread_blocked, id=24728, stack(0x00007f32ee7f8000,0x00007f32ee8f9000)]
  0x00007f3308009800 JavaThread "Thread-63" daemon [_thread_blocked, id=24727, stack(0x00007f32eeaf9000,0x00007f32eebfa000)]
  0x00007f32d40e8000 JavaThread "RxIoScheduler-1 (Evictor)" daemon [_thread_blocked, id=24691, stack(0x00007f32eebfa000,0x00007f32eecfb000)]
  0x00007f32d408e800 JavaThread "spring.cloud.inetutils" daemon [_thread_blocked, id=24657, stack(0x00007f32eeefb000,0x00007f32eeffc000)]
  0x00007f330c002000 JavaThread "RMI TCP Connection(idle)" daemon [_thread_blocked, id=24603, stack(0x00007f32ef1fe000,0x00007f32ef2ff000)]
  0x00007f32f42c8800 JavaThread "RMI Scheduler(0)" daemon [_thread_blocked, id=24600, stack(0x00007f32ef2ff000,0x00007f32ef400000)]
  0x00007f330c001000 JavaThread "RMI TCP Connection(4)-127.0.0.1" daemon [_thread_blocked, id=24599, stack(0x00007f3348001000,0x00007f3348102000)]
  0x00007f3300001000 JavaThread "RMI TCP Connection(1)-127.0.0.1" daemon [_thread_in_native, id=24597, stack(0x00007f3314efe000,0x00007f3314fff000)]
  0x00007f32fc002800 JavaThread "restartedMain" [_thread_blocked, id=24581, stack(0x00007f333805e000,0x00007f333815f000)]
  0x00007f335cf4f000 JavaThread "Thread-1" [_thread_blocked, id=24580, stack(0x00007f333815f000,0x00007f3338260000)]
  0x00007f335c8e9000 JavaThread "RMI TCP Accept-0" daemon [_thread_in_native, id=24576, stack(0x00007f334842b000,0x00007f334852c000)]
  0x00007f335c8c0000 JavaThread "RMI TCP Accept-41983" daemon [_thread_in_native, id=24575, stack(0x00007f3348552000,0x00007f3348653000)]
  0x00007f335c8aa000 JavaThread "RMI TCP Accept-0" daemon [_thread_in_native, id=24574, stack(0x00007f3348653000,0x00007f3348754000)]
  0x00007f335c7c8000 JavaThread "Service Thread" daemon [_thread_blocked, id=24573, stack(0x00007f3348b73000,0x00007f3348c74000)]
  0x00007f335c7c3000 JavaThread "C1 CompilerThread2" daemon [_thread_blocked, id=24572, stack(0x00007f3348e8b000,0x00007f3348f8c000)]
  0x00007f335c7c1000 JavaThread "C2 CompilerThread1" daemon [_thread_blocked, id=24571, stack(0x00007f3348f8c000,0x00007f334908d000)]
  0x00007f335c7bf000 JavaThread "C2 CompilerThread0" daemon [_thread_blocked, id=24570, stack(0x00007f334908d000,0x00007f334918e000)]
  0x00007f335c7bd800 JavaThread "Monitor Ctrl-Break" daemon [_thread_in_native, id=24569, stack(0x00007f334918e000,0x00007f334928f000)]
  0x00007f335c187800 JavaThread "Signal Dispatcher" daemon [_thread_blocked, id=24568, stack(0x00007f33496dd000,0x00007f33497de000)]
  0x00007f335c154800 JavaThread "Finalizer" daemon [_thread_blocked, id=24567, stack(0x00007f3349ab8000,0x00007f3349bb9000)]
  0x00007f335c150000 JavaThread "Reference Handler" daemon [_thread_blocked, id=24566, stack(0x00007f3349bb9000,0x00007f3349cba000)]
  0x00007f335c013000 JavaThread "main" [_thread_blocked, id=24558, stack(0x00007f3362a18000,0x00007f3362b19000)]

Other Threads:
=>0x00007f335c148000 VMThread [stack: 0x00007f3349cba000,0x00007f3349dbb000] [id=24565]
  0x00007f335c8ee000 WatcherThread [stack: 0x00007f334832a000,0x00007f334842b000] [id=24577]

VM state:at safepoint (normal execution)

VM Mutex/Monitor currently owned by a thread:  ([mutex/lock_event])
[0x00007f335c00f710] Threads_lock - owner thread: 0x00007f335c148000
[0x00007f335c00fc10] Heap_lock - owner thread: 0x00007f32e802d800

Heap:
 PSYoungGen      total 337408K, used 10179K [0x00000000d6f00000, 0x00000000ece00000, 0x0000000100000000)
  eden space 323072K, 0% used [0x00000000d6f00000,0x00000000d6f00000,0x00000000eaa80000)
  from space 14336K, 71% used [0x00000000eaa80000,0x00000000eb470dd0,0x00000000eb880000)
  to   space 14848K, 0% used [0x00000000eb880000,0x00000000eb880000,0x00000000ec700000)
 ParOldGen       total 78848K, used 31555K [0x0000000084c00000, 0x0000000089900000, 0x00000000d6f00000)
  object space 78848K, 40% used [0x0000000084c00000,0x0000000086ad0d70,0x0000000089900000)
 Metaspace       used 40212K, capacity 42416K, committed 42624K, reserved 1085440K
  class space    used 5515K, capacity 5929K, committed 6016K, reserved 1048576K

Card table byte_map: [0x00007f334c012000,0x00007f334c3ed000] byte_map_base: 0x00007f334bbec000

Marking Bits: (ParMarkBitMap*) 0x00007f3361ee7920
 Begin Bits: [0x00007f3338260000, 0x00007f333a130000)
 End Bits:   [0x00007f333a130000, 0x00007f333c000000)

Polling page: 0x00007f3362b3a000

CodeCache: size=245760Kb used=9937Kb max_used=9937Kb free=235822Kb
 bounds [0x00007f334c7ad000, 0x00007f334d16d000, 0x00007f335b7ad000]
 total_blobs=5265 nmethods=4813 adapters=365
 compilation: enabled

Compilation events (10 events):
Event: 75,234 Thread 0x00007f335c7c3000 4873       1       java.security.Provider::checkInitialized (16 bytes)
Event: 75,234 Thread 0x00007f335c7c3000 nmethod 4873 0x00007f334d160b50 code [0x00007f334d160cc0, 0x00007f334d160e68]
Event: 75,234 Thread 0x00007f335c7c3000 4874       1       java.security.Provider$ServiceKey::<init> (8 bytes)
Event: 75,234 Thread 0x00007f335c7c3000 nmethod 4874 0x00007f334d160f10 code [0x00007f334d161080, 0x00007f334d1611a8]
Event: 75,234 Thread 0x00007f335c7c3000 4875       1       java.security.Provider$ServiceKey::<init> (39 bytes)
Event: 75,235 Thread 0x00007f335c7c3000 nmethod 4875 0x00007f334d161250 code [0x00007f334d1613c0, 0x00007f334d161598]
Event: 75,235 Thread 0x00007f335c7c3000 4876       1       java.security.Provider$ServiceKey::equals (55 bytes)
Event: 75,235 Thread 0x00007f335c7c3000 nmethod 4876 0x00007f334d161690 code [0x00007f334d161820, 0x00007f334d161a78]
Event: 75,407 Thread 0x00007f335c7c3000 4877       1       java.nio.CharBuffer::arrayOffset (35 bytes)
Event: 75,408 Thread 0x00007f335c7c3000 nmethod 4877 0x00007f334d161bd0 code [0x00007f334d161d60, 0x00007f334d161f58]

GC Heap History (10 events):
Event: 6,004 GC heap after
Heap after GC invocations=8 (full 1):
 PSYoungGen      total 137728K, used 6744K [0x00000000d6f00000, 0x00000000e6480000, 0x0000000100000000)
  eden space 126976K, 0% used [0x00000000d6f00000,0x00000000d6f00000,0x00000000deb00000)
  from space 10752K, 62% used [0x00000000deb00000,0x00000000df196130,0x00000000df580000)
  to   space 10240K, 0% used [0x00000000e5a80000,0x00000000e5a80000,0x00000000e6480000)
 ParOldGen       total 51712K, used 9005K [0x0000000084c00000, 0x0000000087e80000, 0x00000000d6f00000)
  object space 51712K, 17% used [0x0000000084c00000,0x00000000854cb480,0x0000000087e80000)
 Metaspace       used 24607K, capacity 25546K, committed 25600K, reserved 1071104K
  class space    used 3302K, capacity 3532K, committed 3584K, reserved 1048576K
}
Event: 8,399 GC heap before
{Heap before GC invocations=9 (full 1):
 PSYoungGen      total 137728K, used 133720K [0x00000000d6f00000, 0x00000000e6480000, 0x0000000100000000)
  eden space 126976K, 100% used [0x00000000d6f00000,0x00000000deb00000,0x00000000deb00000)
  from space 10752K, 62% used [0x00000000deb00000,0x00000000df196130,0x00000000df580000)
  to   space 10240K, 0% used [0x00000000e5a80000,0x00000000e5a80000,0x00000000e6480000)
 ParOldGen       total 51712K, used 9005K [0x0000000084c00000, 0x0000000087e80000, 0x00000000d6f00000)
  object space 51712K, 17% used [0x0000000084c00000,0x00000000854cb480,0x0000000087e80000)
 Metaspace       used 26644K, capacity 27656K, committed 27776K, reserved 1073152K
  class space    used 3649K, capacity 3873K, committed 3968K, reserved 1048576K
Event: 8,410 GC heap after
Heap after GC invocations=9 (full 1):
 PSYoungGen      total 235008K, used 9320K [0x00000000d6f00000, 0x00000000e6400000, 0x0000000100000000)
  eden space 225280K, 0% used [0x00000000d6f00000,0x00000000d6f00000,0x00000000e4b00000)
  from space 9728K, 95% used [0x00000000e5a80000,0x00000000e639a3b8,0x00000000e6400000)
  to   space 10752K, 0% used [0x00000000e4f00000,0x00000000e4f00000,0x00000000e5980000)
 ParOldGen       total 51712K, used 9013K [0x0000000084c00000, 0x0000000087e80000, 0x00000000d6f00000)
  object space 51712K, 17% used [0x0000000084c00000,0x00000000854cd480,0x0000000087e80000)
 Metaspace       used 26644K, capacity 27656K, committed 27776K, reserved 1073152K
  class space    used 3649K, capacity 3873K, committed 3968K, reserved 1048576K
}
Event: 28,991 GC heap before
{Heap before GC invocations=10 (full 1):
 PSYoungGen      total 235008K, used 233278K [0x00000000d6f00000, 0x00000000e6400000, 0x0000000100000000)
  eden space 225280K, 99% used [0x00000000d6f00000,0x00000000e49b55d0,0x00000000e4b00000)
  from space 9728K, 95% used [0x00000000e5a80000,0x00000000e639a3b8,0x00000000e6400000)
  to   space 10752K, 0% used [0x00000000e4f00000,0x00000000e4f00000,0x00000000e5980000)
 ParOldGen       total 51712K, used 9013K [0x0000000084c00000, 0x0000000087e80000, 0x00000000d6f00000)
  object space 51712K, 17% used [0x0000000084c00000,0x00000000854cd480,0x0000000087e80000)
 Metaspace       used 33998K, capacity 35450K, committed 35496K, reserved 1079296K
  class space    used 4541K, capacity 4821K, committed 4864K, reserved 1048576K
Event: 29,015 GC heap after
Heap after GC invocations=10 (full 1):
 PSYoungGen      total 240128K, used 10735K [0x00000000d6f00000, 0x00000000ec700000, 0x0000000100000000)
  eden space 229376K, 0% used [0x00000000d6f00000,0x00000000d6f00000,0x00000000e4f00000)
  from space 10752K, 99% used [0x00000000e4f00000,0x00000000e597bff8,0x00000000e5980000)
  to   space 14848K, 0% used [0x00000000eb880000,0x00000000eb880000,0x00000000ec700000)
 ParOldGen       total 51712K, used 16290K [0x0000000084c00000, 0x0000000087e80000, 0x00000000d6f00000)
  object space 51712K, 31% used [0x0000000084c00000,0x0000000085be8b80,0x0000000087e80000)
 Metaspace       used 33998K, capacity 35450K, committed 35496K, reserved 1079296K
  class space    used 4541K, capacity 4821K, committed 4864K, reserved 1048576K
}
Event: 29,015 GC heap before
{Heap before GC invocations=11 (full 2):
 PSYoungGen      total 240128K, used 10735K [0x00000000d6f00000, 0x00000000ec700000, 0x0000000100000000)
  eden space 229376K, 0% used [0x00000000d6f00000,0x00000000d6f00000,0x00000000e4f00000)
  from space 10752K, 99% used [0x00000000e4f00000,0x00000000e597bff8,0x00000000e5980000)
  to   space 14848K, 0% used [0x00000000eb880000,0x00000000eb880000,0x00000000ec700000)
 ParOldGen       total 51712K, used 16290K [0x0000000084c00000, 0x0000000087e80000, 0x00000000d6f00000)
  object space 51712K, 31% used [0x0000000084c00000,0x0000000085be8b80,0x0000000087e80000)
 Metaspace       used 33998K, capacity 35450K, committed 35496K, reserved 1079296K
  class space    used 4541K, capacity 4821K, committed 4864K, reserved 1048576K
Event: 29,210 GC heap after
Heap after GC invocations=11 (full 2):
 PSYoungGen      total 240128K, used 0K [0x00000000d6f00000, 0x00000000ec700000, 0x0000000100000000)
  eden space 229376K, 0% used [0x00000000d6f00000,0x00000000d6f00000,0x00000000e4f00000)
  from space 10752K, 0% used [0x00000000e4f00000,0x00000000e4f00000,0x00000000e5980000)
  to   space 14848K, 0% used [0x00000000eb880000,0x00000000eb880000,0x00000000ec700000)
 ParOldGen       total 78848K, used 26183K [0x0000000084c00000, 0x0000000089900000, 0x00000000d6f00000)
  object space 78848K, 33% used [0x0000000084c00000,0x0000000086591d50,0x0000000089900000)
 Metaspace       used 33998K, capacity 35450K, committed 35496K, reserved 1079296K
  class space    used 4541K, capacity 4821K, committed 4864K, reserved 1048576K
}
Event: 47,206 GC heap before
{Heap before GC invocations=12 (full 2):
 PSYoungGen      total 240128K, used 229376K [0x00000000d6f00000, 0x00000000ec700000, 0x0000000100000000)
  eden space 229376K, 100% used [0x00000000d6f00000,0x00000000e4f00000,0x00000000e4f00000)
  from space 10752K, 0% used [0x00000000e4f00000,0x00000000e4f00000,0x00000000e5980000)
  to   space 14848K, 0% used [0x00000000eb880000,0x00000000eb880000,0x00000000ec700000)
 ParOldGen       total 78848K, used 26183K [0x0000000084c00000, 0x0000000089900000, 0x00000000d6f00000)
  object space 78848K, 33% used [0x0000000084c00000,0x0000000086591d50,0x0000000089900000)
 Metaspace       used 36465K, capacity 38234K, committed 38400K, reserved 1083392K
  class space    used 4968K, capacity 5308K, committed 5376K, reserved 1048576K
Event: 47,286 GC heap after
Heap after GC invocations=12 (full 2):
 PSYoungGen      total 337920K, used 6933K [0x00000000d6f00000, 0x00000000ece00000, 0x0000000100000000)
  eden space 323072K, 0% used [0x00000000d6f00000,0x00000000d6f00000,0x00000000eaa80000)
  from space 14848K, 46% used [0x00000000eb880000,0x00000000ebf45420,0x00000000ec700000)
  to   space 14336K, 0% used [0x00000000eaa80000,0x00000000eaa80000,0x00000000eb880000)
 ParOldGen       total 78848K, used 26191K [0x0000000084c00000, 0x0000000089900000, 0x00000000d6f00000)
  object space 78848K, 33% used [0x0000000084c00000,0x0000000086593d50,0x0000000089900000)
 Metaspace       used 36465K, capacity 38234K, committed 38400K, reserved 1083392K
  class space    used 4968K, capacity 5308K, committed 5376K, reserved 1048576K
}
Event: 75,888 GC heap before
{Heap before GC invocations=13 (full 2):
 PSYoungGen      total 337920K, used 330005K [0x00000000d6f00000, 0x00000000ece00000, 0x0000000100000000)
  eden space 323072K, 100% used [0x00000000d6f00000,0x00000000eaa80000,0x00000000eaa80000)
  from space 14848K, 46% used [0x00000000eb880000,0x00000000ebf45420,0x00000000ec700000)
  to   space 14336K, 0% used [0x00000000eaa80000,0x00000000eaa80000,0x00000000eb880000)
 ParOldGen       total 78848K, used 26191K [0x0000000084c00000, 0x0000000089900000, 0x00000000d6f00000)
  object space 78848K, 33% used [0x0000000084c00000,0x0000000086593d50,0x0000000089900000)
 Metaspace       used 40212K, capacity 42416K, committed 42624K, reserved 1085440K
  class space    used 5515K, capacity 5929K, committed 6016K, reserved 1048576K

Deoptimization events (0 events):
No events

Classes redefined (0 events):
No events

Internal exceptions (10 events):
Event: 72,295 Thread 0x00007f32fc002800 Exception <a 'java/lang/ClassNotFoundException': org/springframework/cloud/netflix/zuul/filters/pre/PreDecorationFilterCustomizer> (0x00000000e9ca0518) thrown at [/HUDSON/workspace/8-2-build-linux-amd64/jdk8u161/10277/hotspot/src/share/vm/classfile/system
Event: 72,296 Thread 0x00007f32fc002800 Exception <a 'java/lang/ClassNotFoundException': com/netflix/zuul/IZuulFilterCustomizer> (0x00000000e9cc4a48) thrown at [/HUDSON/workspace/8-2-build-linux-amd64/jdk8u161/10277/hotspot/src/share/vm/classfile/systemDictionary.cpp, line 210]
Event: 72,856 Thread 0x00007f32fc002800 Exception <a 'java/lang/ClassNotFoundException': java/lang/ObjectCustomizer> (0x00000000e9d4eac0) thrown at [/HUDSON/workspace/8-2-build-linux-amd64/jdk8u161/10277/hotspot/src/share/vm/classfile/systemDictionary.cpp, line 210]
Event: 72,857 Thread 0x00007f32fc002800 Exception <a 'java/lang/ClassNotFoundException': com/netflix/zuul/ZuulFilterCustomizer> (0x00000000e9d700a8) thrown at [/HUDSON/workspace/8-2-build-linux-amd64/jdk8u161/10277/hotspot/src/share/vm/classfile/systemDictionary.cpp, line 210]
Event: 72,859 Thread 0x00007f32fc002800 Exception <a 'java/lang/ClassNotFoundException': org/springframework/cloud/netflix/zuul/filters/route/RibbonRoutingFilterCustomizer> (0x00000000e9da5708) thrown at [/HUDSON/workspace/8-2-build-linux-amd64/jdk8u161/10277/hotspot/src/share/vm/classfile/syst
Event: 72,860 Thread 0x00007f32fc002800 Exception <a 'java/lang/ClassNotFoundException': com/netflix/zuul/IZuulFilterCustomizer> (0x00000000e9dc9cb8) thrown at [/HUDSON/workspace/8-2-build-linux-amd64/jdk8u161/10277/hotspot/src/share/vm/classfile/systemDictionary.cpp, line 210]
Event: 73,345 Thread 0x00007f32fc002800 Exception <a 'java/lang/ClassNotFoundException': java/lang/ObjectCustomizer> (0x00000000ea1a4b18) thrown at [/HUDSON/workspace/8-2-build-linux-amd64/jdk8u161/10277/hotspot/src/share/vm/classfile/systemDictionary.cpp, line 210]
Event: 73,347 Thread 0x00007f32fc002800 Exception <a 'java/lang/ClassNotFoundException': com/netflix/zuul/ZuulFilterCustomizer> (0x00000000ea1c6100) thrown at [/HUDSON/workspace/8-2-build-linux-amd64/jdk8u161/10277/hotspot/src/share/vm/classfile/systemDictionary.cpp, line 210]
Event: 73,349 Thread 0x00007f32fc002800 Exception <a 'java/lang/ClassNotFoundException': org/springframework/cloud/netflix/zuul/filters/route/SimpleHostRoutingFilterCustomizer> (0x00000000ea1fdd40) thrown at [/HUDSON/workspace/8-2-build-linux-amd64/jdk8u161/10277/hotspot/src/share/vm/classfile/
Event: 73,351 Thread 0x00007f32fc002800 Exception <a 'java/lang/ClassNotFoundException': com/netflix/zuul/IZuulFilterCustomizer> (0x00000000ea223438) thrown at [/HUDSON/workspace/8-2-build-linux-amd64/jdk8u161/10277/hotspot/src/share/vm/classfile/systemDictionary.cpp, line 210]

Events (10 events):
Event: 75,181 loading class sun/security/util/ManifestEntryVerifier$SunProviderHolder
Event: 75,234 loading class sun/security/util/ManifestEntryVerifier$SunProviderHolder done
Event: 75,236 loading class sun/security/ec/SunEC$1
Event: 75,236 loading class sun/security/ec/SunEC$1 done
Event: 75,237 loading class java/nio/file/Paths
Event: 75,279 loading class java/nio/file/Paths done
Event: 75,280 loading class sun/nio/fs/UnixUriUtils
Event: 75,346 loading class sun/nio/fs/UnixUriUtils done
Event: 75,622 Thread 0x00007f32e802d800 Thread added: 0x00007f32e802d800
Event: 75,759 Executing VM operation: ParallelGCFailedAllocation


Dynamic libraries:
00400000-00401000 r-xp 00000000 08:01 531582                             /usr/lib/jvm/java-8-oracle/bin/java
00600000-00601000 rw-p 00000000 08:01 531582                             /usr/lib/jvm/java-8-oracle/bin/java
00f7e000-00f9f000 rw-p 00000000 00:00 0                                  [heap]
84c00000-89900000 rw-p 00000000 00:00 0 
89900000-d6f00000 ---p 00000000 00:00 0 
d6f00000-ece00000 rw-p 00000000 00:00 0 
f4c80000-100000000 ---p 00000000 00:00 0 
100000000-1005e0000 rw-p 00000000 00:00 0 
1005e0000-140000000 ---p 00000000 00:00 0 
7f32c4000000-7f32c4021000 rw-p 00000000 00:00 0 
7f32c4021000-7f32c8000000 ---p 00000000 00:00 0 
7f32c8000000-7f32c8021000 rw-p 00000000 00:00 0 
7f32c8021000-7f32cc000000 ---p 00000000 00:00 0 
7f32cc000000-7f32cc021000 rw-p 00000000 00:00 0 
7f32cc021000-7f32d0000000 ---p 00000000 00:00 0 
7f32d0000000-7f32d0021000 rw-p 00000000 00:00 0 
7f32d0021000-7f32d4000000 ---p 00000000 00:00 0 
7f32d4000000-7f32d40f7000 rw-p 00000000 00:00 0 
7f32d40f7000-7f32d8000000 ---p 00000000 00:00 0 
7f32d8000000-7f32d8021000 rw-p 00000000 00:00 0 
7f32d8021000-7f32dc000000 ---p 00000000 00:00 0 
7f32dc000000-7f32dc021000 rw-p 00000000 00:00 0 
7f32dc021000-7f32e0000000 ---p 00000000 00:00 0 
7f32e0000000-7f32e0021000 rw-p 00000000 00:00 0 
7f32e0021000-7f32e4000000 ---p 00000000 00:00 0 
7f32e4000000-7f32e4021000 rw-p 00000000 00:00 0 
7f32e4021000-7f32e8000000 ---p 00000000 00:00 0 
7f32e8000000-7f32e8036000 rw-p 00000000 00:00 0 
7f32e8036000-7f32ec000000 ---p 00000000 00:00 0 
7f32ede98000-7f32edeae000 r-xp 00000000 08:01 1315526                    /lib/x86_64-linux-gnu/libgcc_s.so.1
7f32edeae000-7f32ee0ad000 ---p 00016000 08:01 1315526                    /lib/x86_64-linux-gnu/libgcc_s.so.1
7f32ee0ad000-7f32ee0ae000 rw-p 00015000 08:01 1315526                    /lib/x86_64-linux-gnu/libgcc_s.so.1
7f32ee0ae000-7f32ee0e0000 r-xp 00000000 08:01 536900                     /usr/lib/jvm/java-8-oracle/jre/lib/amd64/libsunec.so
7f32ee0e0000-7f32ee2df000 ---p 00032000 08:01 536900                     /usr/lib/jvm/java-8-oracle/jre/lib/amd64/libsunec.so
7f32ee2df000-7f32ee2e5000 rw-p 00031000 08:01 536900                     /usr/lib/jvm/java-8-oracle/jre/lib/amd64/libsunec.so
7f32ee2e5000-7f32ee4b5000 rw-p 00000000 00:00 0 
7f32ee4b5000-7f32ee4f5000 ---p 00000000 00:00 0 
7f32ee4f5000-7f32ee4f8000 ---p 00000000 00:00 0 
7f32ee4f8000-7f32ee5f6000 rw-p 00000000 00:00 0 
7f32ee5f6000-7f32ee5f9000 ---p 00000000 00:00 0 
7f32ee5f9000-7f32ee6f7000 rw-p 00000000 00:00 0 
7f32ee6f7000-7f32ee6fa000 ---p 00000000 00:00 0 
7f32ee6fa000-7f32ee7f8000 rw-p 00000000 00:00 0 
7f32ee7f8000-7f32ee7fb000 ---p 00000000 00:00 0 
7f32ee7fb000-7f32eeaf9000 rw-p 00000000 00:00 0 
7f32eeaf9000-7f32eeafc000 ---p 00000000 00:00 0 
7f32eeafc000-7f32eebfa000 rw-p 00000000 00:00 0 
7f32eebfa000-7f32eebfd000 ---p 00000000 00:00 0 
7f32eebfd000-7f32eeefb000 rw-p 00000000 00:00 0 
7f32eeefb000-7f32eeefe000 ---p 00000000 00:00 0 
7f32eeefe000-7f32eeffc000 rw-p 00000000 00:00 0 
7f32eeffc000-7f32eefff000 ---p 00000000 00:00 0 
7f32eefff000-7f32ef0fd000 rw-p 00000000 00:00 0 
7f32ef0fd000-7f32ef100000 ---p 00000000 00:00 0 
7f32ef100000-7f32ef1fe000 rw-p 00000000 00:00 0 
7f32ef1fe000-7f32ef201000 ---p 00000000 00:00 0 
7f32ef201000-7f32ef2ff000 rw-p 00000000 00:00 0 
7f32ef2ff000-7f32ef302000 ---p 00000000 00:00 0 
7f32ef302000-7f32ef600000 rw-p 00000000 00:00 0 
7f32ef600000-7f32ef800000 rw-p 00000000 00:00 0 
7f32ef800000-7f32efa00000 rw-p 00000000 00:00 0 
7f32efa00000-7f32efc00000 rw-p 00000000 00:00 0 
7f32efc00000-7f32efe00000 rw-p 00000000 00:00 0 
7f32efe00000-7f32f0000000 rw-p 00000000 00:00 0 
7f32f0000000-7f32f0bc8000 rw-p 00000000 00:00 0 
7f32f0bc8000-7f32f4000000 ---p 00000000 00:00 0 
7f32f4000000-7f32f42e8000 rw-p 00000000 00:00 0 
7f32f42e8000-7f32f8000000 ---p 00000000 00:00 0 
7f32f8000000-7f32f8021000 rw-p 00000000 00:00 0 
7f32f8021000-7f32fc000000 ---p 00000000 00:00 0 
7f32fc000000-7f32fc021000 rw-p 00000000 00:00 0 
7f32fc021000-7f3300000000 ---p 00000000 00:00 0 
7f3300000000-7f3300021000 rw-p 00000000 00:00 0 
7f3300021000-7f3304000000 ---p 00000000 00:00 0 
7f3304000000-7f3304021000 rw-p 00000000 00:00 0 
7f3304021000-7f3308000000 ---p 00000000 00:00 0 
7f3308000000-7f3308021000 rw-p 00000000 00:00 0 
7f3308021000-7f330c000000 ---p 00000000 00:00 0 
7f330c000000-7f330c021000 rw-p 00000000 00:00 0 
7f330c021000-7f3310000000 ---p 00000000 00:00 0 
7f3310000000-7f33107ac000 rw-p 00000000 00:00 0 
7f33107ac000-7f3314000000 ---p 00000000 00:00 0 
7f33140d9000-7f33142d9000 rw-p 00000000 00:00 0 
7f33142d9000-7f33144d9000 rw-p 00000000 00:00 0 
7f33144d9000-7f33144f0000 r-xp 00000000 08:01 1315819                    /lib/x86_64-linux-gnu/libresolv-2.23.so
7f33144f0000-7f33146f0000 ---p 00017000 08:01 1315819                    /lib/x86_64-linux-gnu/libresolv-2.23.so
7f33146f0000-7f33146f1000 r--p 00017000 08:01 1315819                    /lib/x86_64-linux-gnu/libresolv-2.23.so
7f33146f1000-7f33146f2000 rw-p 00018000 08:01 1315819                    /lib/x86_64-linux-gnu/libresolv-2.23.so
7f33146f2000-7f33146f4000 rw-p 00000000 00:00 0 
7f33146f4000-7f33146f9000 r-xp 00000000 08:01 1315878                    /lib/x86_64-linux-gnu/libnss_dns-2.23.so
7f33146f9000-7f33148f9000 ---p 00005000 08:01 1315878                    /lib/x86_64-linux-gnu/libnss_dns-2.23.so
7f33148f9000-7f33148fa000 r--p 00005000 08:01 1315878                    /lib/x86_64-linux-gnu/libnss_dns-2.23.so
7f33148fa000-7f33148fb000 rw-p 00006000 08:01 1315878                    /lib/x86_64-linux-gnu/libnss_dns-2.23.so
7f33148fb000-7f3314afb000 rw-p 00000000 00:00 0 
7f3314afb000-7f3314afd000 r-xp 00000000 08:01 1315593                    /lib/x86_64-linux-gnu/libnss_mdns4_minimal.so.2
7f3314afd000-7f3314cfc000 ---p 00002000 08:01 1315593                    /lib/x86_64-linux-gnu/libnss_mdns4_minimal.so.2
7f3314cfc000-7f3314cfd000 r--p 00001000 08:01 1315593                    /lib/x86_64-linux-gnu/libnss_mdns4_minimal.so.2
7f3314cfd000-7f3314cfe000 rw-p 00002000 08:01 1315593                    /lib/x86_64-linux-gnu/libnss_mdns4_minimal.so.2
7f3314cfe000-7f3314efe000 rw-p 00000000 00:00 0 
7f3314efe000-7f3314f01000 ---p 00000000 00:00 0 
7f3314f01000-7f3318000000 rw-p 00000000 00:00 0 
7f3318000000-7f3318046000 rw-p 00000000 00:00 0 
7f3318046000-7f331c000000 ---p 00000000 00:00 0 
7f331c000000-7f331c021000 rw-p 00000000 00:00 0 
7f331c021000-7f3320000000 ---p 00000000 00:00 0 
7f3320000000-7f3320021000 rw-p 00000000 00:00 0 
7f3320021000-7f3324000000 ---p 00000000 00:00 0 
7f3324000000-7f3324029000 rw-p 00000000 00:00 0 
7f3324029000-7f3328000000 ---p 00000000 00:00 0 
7f3328000000-7f3328021000 rw-p 00000000 00:00 0 
7f3328021000-7f332c000000 ---p 00000000 00:00 0 
7f332c000000-7f332c021000 rw-p 00000000 00:00 0 
7f332c021000-7f3330000000 ---p 00000000 00:00 0 
7f3330000000-7f33302aa000 rw-p 00000000 00:00 0 
7f33302aa000-7f3334000000 ---p 00000000 00:00 0 
7f3334000000-7f3334021000 rw-p 00000000 00:00 0 
7f3334021000-7f3338000000 ---p 00000000 00:00 0 
7f3338050000-7f3338052000 r--s 00009000 08:01 536793                     /usr/lib/jvm/java-8-oracle/jre/lib/ext/sunec.jar
7f3338052000-7f3338056000 r--s 0003a000 08:01 536800                     /usr/lib/jvm/java-8-oracle/jre/lib/ext/sunpkcs11.jar
7f3338056000-7f3338059000 r--s 0001a000 08:01 536964                     /usr/lib/jvm/java-8-oracle/jre/lib/jce.jar
7f3338059000-7f333805e000 r--s 002f9000 08:01 536732                     /usr/lib/jvm/java-8-oracle/jre/lib/charsets.jar
7f333805e000-7f3338061000 ---p 00000000 00:00 0 
7f3338061000-7f333815f000 rw-p 00000000 00:00 0 
7f333815f000-7f3338162000 ---p 00000000 00:00 0 
7f3338162000-7f333c000000 rw-p 00000000 00:00 0 
7f333c000000-7f333c021000 rw-p 00000000 00:00 0 
7f333c021000-7f3340000000 ---p 00000000 00:00 0 
7f3340000000-7f3340021000 rw-p 00000000 00:00 0 
7f3340021000-7f3344000000 ---p 00000000 00:00 0 
7f3344000000-7f3344021000 rw-p 00000000 00:00 0 
7f3344021000-7f3348000000 ---p 00000000 00:00 0 
7f3348001000-7f3348004000 ---p 00000000 00:00 0 
7f3348004000-7f3348302000 rw-p 00000000 00:00 0 
7f3348302000-7f3348309000 r--s 00000000 08:01 790214                     /usr/lib/x86_64-linux-gnu/gconv/gconv-modules.cache
7f3348309000-7f334832a000 r--p 00000000 08:01 1317154                    /usr/share/locale-langpack/pt_BR/LC_MESSAGES/libc.mo
7f334832a000-7f334832b000 ---p 00000000 00:00 0 
7f334832b000-7f334842b000 rw-p 00000000 00:00 0 
7f334842b000-7f334842e000 ---p 00000000 00:00 0 
7f334842e000-7f334852c000 rw-p 00000000 00:00 0 
7f334852c000-7f3348536000 r--s 00116000 08:01 536802                     /usr/lib/jvm/java-8-oracle/jre/lib/ext/localedata.jar
7f3348536000-7f3348552000 r--s 00393000 08:01 536795                     /usr/lib/jvm/java-8-oracle/jre/lib/ext/cldrdata.jar
7f3348552000-7f3348555000 ---p 00000000 00:00 0 
7f3348555000-7f3348653000 rw-p 00000000 00:00 0 
7f3348653000-7f3348656000 ---p 00000000 00:00 0 
7f3348656000-7f3348754000 rw-p 00000000 00:00 0 
7f3348754000-7f3348759000 r--s 0009d000 08:01 536791                     /usr/lib/jvm/java-8-oracle/jre/lib/jsse.jar
7f3348759000-7f334876a000 r-xp 00000000 08:01 536951                     /usr/lib/jvm/java-8-oracle/jre/lib/amd64/libnio.so
7f334876a000-7f3348969000 ---p 00011000 08:01 536951                     /usr/lib/jvm/java-8-oracle/jre/lib/amd64/libnio.so
7f3348969000-7f334896a000 rw-p 00010000 08:01 536951                     /usr/lib/jvm/java-8-oracle/jre/lib/amd64/libnio.so
7f334896a000-7f3348973000 r-xp 00000000 08:01 536956                     /usr/lib/jvm/java-8-oracle/jre/lib/amd64/libmanagement.so
7f3348973000-7f3348b72000 ---p 00009000 08:01 536956                     /usr/lib/jvm/java-8-oracle/jre/lib/amd64/libmanagement.so
7f3348b72000-7f3348b73000 rw-p 00008000 08:01 536956                     /usr/lib/jvm/java-8-oracle/jre/lib/amd64/libmanagement.so
7f3348b73000-7f3348b76000 ---p 00000000 00:00 0 
7f3348b76000-7f3348c74000 rw-p 00000000 00:00 0 
7f3348c74000-7f3348c8a000 r-xp 00000000 08:01 536948                     /usr/lib/jvm/java-8-oracle/jre/lib/amd64/libnet.so
7f3348c8a000-7f3348e8a000 ---p 00016000 08:01 536948                     /usr/lib/jvm/java-8-oracle/jre/lib/amd64/libnet.so
7f3348e8a000-7f3348e8b000 rw-p 00016000 08:01 536948                     /usr/lib/jvm/java-8-oracle/jre/lib/amd64/libnet.so
7f3348e8b000-7f3348e8e000 ---p 00000000 00:00 0 
7f3348e8e000-7f3348f8c000 rw-p 00000000 00:00 0 
7f3348f8c000-7f3348f8f000 ---p 00000000 00:00 0 
7f3348f8f000-7f334908d000 rw-p 00000000 00:00 0 
7f334908d000-7f3349090000 ---p 00000000 00:00 0 
7f3349090000-7f334918e000 rw-p 00000000 00:00 0 
7f334918e000-7f3349191000 ---p 00000000 00:00 0 
7f3349191000-7f334928f000 rw-p 00000000 00:00 0 
7f334928f000-7f3349291000 r--s 0001a000 08:05 38145134                   /home/felipe/idea-IU-181.4203.550/lib/idea_rt.jar
7f3349291000-7f3349293000 r--s 00004000 08:05 39324122                   /home/felipe/.m2/repository/org/springframework/spring-jcl/5.0.5.RELEASE/spring-jcl-5.0.5.RELEASE.jar
7f3349293000-7f33492ab000 r--s 00114000 08:05 38145279                   /home/felipe/.m2/repository/org/springframework/spring-core/5.0.5.RELEASE/spring-core-5.0.5.RELEASE.jar
7f33492ab000-7f33492cb000 r--s 000fa000 08:05 39716269                   /home/felipe/.m2/repository/org/springframework/boot/spring-boot-autoconfigure/2.0.1.RELEASE/spring-boot-autoconfigure-2.0.1.RELEASE.jar
7f33492cb000-7f33492e0000 r--s 000ce000 08:05 39192142                   /home/felipe/.m2/repository/org/springframework/boot/spring-boot/2.0.1.RELEASE/spring-boot-2.0.1.RELEASE.jar
7f33492e0000-7f33492e6000 r--s 0002d000 08:05 655973                     /home/felipe/.m2/repository/org/springframework/boot/spring-boot-devtools/2.0.1.RELEASE/spring-boot-devtools-2.0.1.RELEASE.jar
7f33492e6000-7f33492ea000 r--s 0002a000 08:05 38404139                   /home/felipe/.m2/repository/commons-io/commons-io/2.4/commons-io-2.4.jar
7f33492ea000-7f33492ed000 r--s 00013000 08:05 4849760                    /home/felipe/.m2/repository/com/netflix/zuul/zuul-core/1.3.1/zuul-core-1.3.1.jar
7f33492ed000-7f33492ee000 r--s 00000000 08:05 4849757                    /home/felipe/.m2/repository/org/reactivestreams/reactive-streams/1.0.2/reactive-streams-1.0.2.jar
7f33492ee000-7f33492f0000 r--s 00003000 08:05 4849755                    /home/felipe/.m2/repository/io/reactivex/rxjava-reactive-streams/1.2.1/rxjava-reactive-streams-1.2.1.jar
7f33492f0000-7f33492f2000 r--s 0000c000 08:05 38667591                   /home/felipe/.m2/repository/org/ow2/asm/asm/5.0.4/asm-5.0.4.jar
7f33492f2000-7f33492fa000 r--s 00072000 08:05 39976978                   /home/felipe/.m2/repository/org/apache/commons/commons-lang3/3.7/commons-lang3-3.7.jar
7f33492fa000-7f3349300000 r--s 00026000 08:05 39846960                   /home/felipe/.m2/repository/com/netflix/hystrix/hystrix-javanica/1.5.12/hystrix-javanica-1.5.12.jar
7f3349300000-7f3349302000 r--s 0000c000 08:05 39846946                   /home/felipe/.m2/repository/com/netflix/hystrix/hystrix-metrics-event-stream/1.5.12/hystrix-metrics-event-stream-1.5.12.jar
7f3349302000-7f3349305000 r--s 00021000 08:05 4849752                    /home/felipe/.m2/repository/com/fasterxml/jackson/module/jackson-module-afterburner/2.9.3/jackson-module-afterburner-2.9.3.jar
7f3349305000-7f3349307000 r--s 00007000 08:05 39846949                   /home/felipe/.m2/repository/com/netflix/hystrix/hystrix-serialization/1.5.12/hystrix-serialization-1.5.12.jar
7f3349307000-7f3349313000 r--s 00068000 08:05 39715484                   /home/felipe/.m2/repository/com/netflix/hystrix/hystrix-core/1.5.12/hystrix-core-1.5.12.jar
7f3349313000-7f3349314000 r--s 00000000 08:05 4849747                    /home/felipe/.m2/repository/org/springframework/cloud/spring-cloud-starter-netflix-hystrix/2.0.0.M8/spring-cloud-starter-netflix-hystrix-2.0.0.M8.jar
7f3349314000-7f3349323000 r--s 000b2000 08:05 655960                     /home/felipe/.m2/repository/org/springframework/spring-webmvc/5.0.5.RELEASE/spring-webmvc-5.0.5.RELEASE.jar
7f3349323000-7f334933d000 r--s 00119000 08:05 655971                     /home/felipe/.m2/repository/org/springframework/spring-web/5.0.5.RELEASE/spring-web-5.0.5.RELEASE.jar
7f334933d000-7f334933f000 r--s 0000e000 08:05 38667551                   /home/felipe/.m2/repository/com/fasterxml/classmate/1.3.4/classmate-1.3.4.jar
7f334933f000-7f3349341000 r--s 0000f000 08:05 38667541                   /home/felipe/.m2/repository/org/jboss/logging/jboss-logging/3.3.2.Final/jboss-logging-3.3.2.Final.jar
7f3349341000-7f3349346000 r--s 00012000 08:05 38667581                   /home/felipe/.m2/repository/javax/validation/validation-api/2.0.1.Final/validation-api-2.0.1.Final.jar
7f3349346000-7f3349363000 r--s 000f8000 08:05 655967                     /home/felipe/.m2/repository/org/hibernate/validator/hibernate-validator/6.0.9.Final/hibernate-validator-6.0.9.Final.jar
7f3349363000-7f3349368000 r--s 0003a000 08:05 655965                     /home/felipe/.m2/repository/org/apache/tomcat/embed/tomcat-embed-websocket/8.5.29/tomcat-embed-websocket-8.5.29.jar
7f3349368000-7f334936c000 r--s 00037000 08:05 655963                     /home/felipe/.m2/repository/org/apache/tomcat/embed/tomcat-embed-el/8.5.29/tomcat-embed-el-8.5.29.jar
7f334936c000-7f3349396000 r--s 002cc000 08:05 655961                     /home/felipe/.m2/repository/org/apache/tomcat/embed/tomcat-embed-core/8.5.29/tomcat-embed-core-8.5.29.jar
7f3349396000-7f3349397000 r--s 00000000 08:05 655959                     /home/felipe/.m2/repository/org/springframework/boot/spring-boot-starter-tomcat/2.0.1.RELEASE/spring-boot-starter-tomcat-2.0.1.RELEASE.jar
7f3349397000-7f3349399000 r--s 00001000 08:05 39324291                   /home/felipe/.m2/repository/com/fasterxml/jackson/module/jackson-module-parameter-names/2.9.3/jackson-module-parameter-names-2.9.3.jar
7f3349399000-7f334939b000 r--s 00007000 08:05 39324294                   /home/felipe/.m2/repository/com/fasterxml/jackson/datatype/jackson-datatype-jdk8/2.9.3/jackson-datatype-jdk8-2.9.3.jar
7f334939b000-7f334939c000 r--s 00000000 08:05 655951                     /home/felipe/.m2/repository/org/springframework/boot/spring-boot-starter-json/2.0.1.RELEASE/spring-boot-starter-json-2.0.1.RELEASE.jar
7f334939c000-7f334939d000 r--s 00000000 08:05 655949                     /home/felipe/.m2/repository/org/springframework/boot/spring-boot-starter-web/2.0.1.RELEASE/spring-boot-starter-web-2.0.1.RELEASE.jar
7f334939d000-7f334939e000 r--s 00001000 08:05 39715527                   /home/felipe/.m2/repository/com/netflix/netflix-commons/netflix-commons-util/0.1.1/netflix-commons-util-0.1.1.jar
7f334939e000-7f33493a3000 r--s 00020000 08:05 4849745                    /home/felipe/.m2/repository/org/springframework/cloud/spring-cloud-netflix-zuul/2.0.0.M8/spring-cloud-netflix-zuul-2.0.0.M8.jar
7f33493a3000-7f33493a4000 r--s 00000000 08:05 4849743                    /home/felipe/.m2/repository/org/springframework/cloud/spring-cloud-starter-netflix-zuul/2.0.0.M8/spring-cloud-starter-netflix-zuul-2.0.0.M8.jar
7f33493a4000-7f33493a6000 r--s 00005000 08:05 38143992                   /home/felipe/.m2/repository/xpp3/xpp3_min/1.1.4c/xpp3_min-1.1.4c.jar
7f33493a6000-7f33493a7000 r--s 00001000 08:05 38535623                   /home/felipe/.m2/repository/xmlpull/xmlpull/1.1.3.1/xmlpull-1.1.3.1.jar
7f33493a7000-7f33493b5000 r--s 00082000 08:05 1181317                    /home/felipe/.m2/repository/com/thoughtworks/xstream/xstream/1.4.10/xstream-1.4.10.jar
7f33493b5000-7f33493b7000 r--s 00009000 08:05 38667559                   /home/felipe/.m2/repository/org/slf4j/slf4j-api/1.7.25/slf4j-api-1.7.25.jar
7f33493b7000-7f33493b9000 r--s 00003000 08:05 39847765                   /home/felipe/.m2/repository/com/netflix/ribbon/ribbon-eureka/2.2.5/ribbon-eureka-2.2.5.jar
7f33493b9000-7f33493d2000 r--s 00102000 08:05 1180390                    /home/felipe/.m2/repository/io/reactivex/rxjava/1.3.8/rxjava-1.3.8.jar
7f33493d2000-7f33493d4000 r--s 00002000 08:05 39715531                   /home/felipe/.m2/repository/com/netflix/netflix-commons/netflix-statistics/0.1.1/netflix-statistics-0.1.1.jar
7f33493d4000-7f33493d8000 r--s 00024000 08:05 1181302                    /home/felipe/.m2/repository/com/netflix/ribbon/ribbon-loadbalancer/2.2.5/ribbon-loadbalancer-2.2.5.jar
7f33493d8000-7f33493e5000 r--s 00083000 08:05 39585440                   /home/felipe/.m2/repository/commons-collections/commons-collections/3.2.2/commons-collections-3.2.2.jar
7f33493e5000-7f33493e7000 r--s 0000c000 08:05 1181306                    /home/felipe/.m2/repository/com/netflix/ribbon/ribbon-httpclient/2.2.5/ribbon-httpclient-2.2.5.jar
7f33493e7000-7f33493eb000 r--s 00011000 08:05 1181278                    /home/felipe/.m2/repository/com/netflix/ribbon/ribbon-core/2.2.5/ribbon-core-2.2.5.jar
7f33493eb000-7f33493ec000 r--s 00007000 08:05 1180405                    /home/felipe/.m2/repository/io/netty/netty-resolver/4.1.23.Final/netty-resolver-4.1.23.Final.jar
7f33493ec000-7f33493f5000 r--s 00067000 08:05 1180401                    /home/felipe/.m2/repository/io/netty/netty-transport/4.1.23.Final/netty-transport-4.1.23.Final.jar
7f33493f5000-7f33493f7000 r--s 00006000 08:05 1180399                    /home/felipe/.m2/repository/io/netty/netty-transport-native-unix-common/4.1.23.Final/netty-transport-native-unix-common-4.1.23.Final.jar
7f33493f7000-7f33493fb000 r--s 0003f000 08:05 1180403                    /home/felipe/.m2/repository/io/netty/netty-buffer/4.1.23.Final/netty-buffer-4.1.23.Final.jar
7f33493fb000-7f3349407000 r--s 00081000 08:05 1180407                    /home/felipe/.m2/repository/io/netty/netty-common/4.1.23.Final/netty-common-4.1.23.Final.jar
7f3349407000-7f334940a000 r--s 0001a000 08:05 1180387                    /home/felipe/.m2/repository/io/netty/netty-transport-native-epoll/4.1.23.Final/netty-transport-native-epoll-4.1.23.Final.jar
7f334940a000-7f3349411000 r--s 00047000 08:05 1180391                    /home/felipe/.m2/repository/io/netty/netty-codec/4.1.23.Final/netty-codec-4.1.23.Final.jar
7f3349411000-7f334941c000 r--s 0007f000 08:05 39454316                   /home/felipe/.m2/repository/io/netty/netty-codec-http/4.1.23.Final/netty-codec-http-4.1.23.Final.jar
7f334941c000-7f3349426000 r--s 00059000 08:05 39715515                   /home/felipe/.m2/repository/io/reactivex/rxnetty/0.4.9/rxnetty-0.4.9.jar
7f3349426000-7f3349428000 r--s 00006000 08:05 39715513                   /home/felipe/.m2/repository/io/reactivex/rxnetty-servo/0.4.9/rxnetty-servo-0.4.9.jar
7f3349428000-7f334942b000 r--s 0000b000 08:05 39715512                   /home/felipe/.m2/repository/io/reactivex/rxnetty-contexts/0.4.9/rxnetty-contexts-0.4.9.jar
7f334942b000-7f334942c000 r--s 00009000 08:05 1181292                    /home/felipe/.m2/repository/com/netflix/ribbon/ribbon-transport/2.2.5/ribbon-transport-2.2.5.jar
7f334942c000-7f3349430000 r--s 00012000 08:05 1181240                    /home/felipe/.m2/repository/com/netflix/ribbon/ribbon/2.2.5/ribbon-2.2.5.jar
7f3349430000-7f3349431000 r--s 00000000 08:05 1181340                    /home/felipe/.m2/repository/org/springframework/cloud/spring-cloud-starter-netflix-ribbon/2.0.0.M8/spring-cloud-starter-netflix-ribbon-2.0.0.M8.jar
7f3349431000-7f334945c000 r--s 001fc000 08:05 39585420                   /home/felipe/.m2/repository/com/google/guava/guava/18.0/guava-18.0.jar
7f334945c000-7f3349461000 r--s 00041000 08:05 39585442                   /home/felipe/.m2/repository/commons-lang/commons-lang/2.6/commons-lang-2.6.jar
7f3349461000-7f3349468000 r--s 00050000 08:05 39715538                   /home/felipe/.m2/repository/commons-configuration/commons-configuration/1.8/commons-configuration-1.8.jar
7f3349468000-7f334946a000 r--s 00002000 08:05 1181276                    /home/felipe/.m2/repository/org/springframework/cloud/spring-cloud-netflix-archaius/2.0.0.M8/spring-cloud-netflix-archaius-2.0.0.M8.jar
7f334946a000-7f334946d000 r--s 00016000 08:05 1181288                    /home/felipe/.m2/repository/org/springframework/cloud/spring-cloud-netflix-ribbon/2.0.0.M8/spring-cloud-netflix-ribbon-2.0.0.M8.jar
7f334946d000-7f334946e000 r--s 00000000 08:05 1181327                    /home/felipe/.m2/repository/org/springframework/cloud/spring-cloud-starter-netflix-archaius/2.0.0.M8/spring-cloud-starter-netflix-archaius-2.0.0.M8.jar
7f334946e000-7f3349472000 r--s 00024000 08:05 39715631                   /home/felipe/.m2/repository/org/codehaus/woodstox/stax2-api/3.1.4/stax2-api-3.1.4.jar
7f3349472000-7f3349474000 r--s 00004000 08:05 39715629                   /home/felipe/.m2/repository/javax/xml/stream/stax-api/1.0-2/stax-api-1.0-2.jar
7f3349474000-7f334947a000 r--s 00071000 08:05 39715627                   /home/felipe/.m2/repository/org/codehaus/woodstox/woodstox-core-asl/4.4.1/woodstox-core-asl-4.4.1.jar
7f334947a000-7f334947f000 r--s 00039000 08:05 39716611                   /home/felipe/.m2/repository/com/netflix/eureka/eureka-core/1.8.7/eureka-core-1.8.7.jar
7f334947f000-7f3349483000 r--s 0004b000 08:05 39324289                   /home/felipe/.m2/repository/com/fasterxml/jackson/core/jackson-core/2.9.3/jackson-core-2.9.3.jar
7f3349483000-7f3349486000 r--s 0000e000 08:05 38667563                   /home/felipe/.m2/repository/com/fasterxml/jackson/core/jackson-annotations/2.9.0/jackson-annotations-2.9.0.jar
7f3349486000-7f334948b000 r--s 00024000 08:05 1181284                    /home/felipe/.m2/repository/com/github/andrewoma/dexx/dexx-collections/0.2/dexx-collections-0.2.jar
7f334948b000-7f334948c000 r--s 00004000 08:05 1181275                    /home/felipe/.m2/repository/com/github/vlsi/compactmap/compactmap/1.2.1/compactmap-1.2.1.jar
7f334948c000-7f334948e000 r--s 00000000 08:05 38143776                   /home/felipe/.m2/repository/aopalliance/aopalliance/1.0/aopalliance-1.0.jar
7f334948e000-7f334948f000 r--s 00000000 08:05 38143705                   /home/felipe/.m2/repository/javax/inject/javax.inject/1/javax.inject-1.jar
7f334948f000-7f334949d000 r--s 00097000 08:05 39715624                   /home/felipe/.m2/repository/com/google/inject/guice/4.1.0/guice-4.1.0.jar
7f334949d000-7f33494a4000 r--s 0004b000 08:05 1181280                    /home/felipe/.m2/repository/commons-codec/commons-codec/1.11/commons-codec-1.11.jar
7f33494a4000-7f33494ab000 r--s 00049000 08:05 1181274                    /home/felipe/.m2/repository/org/apache/httpcomponents/httpcore/4.4.9/httpcore-4.4.9.jar
7f33494ab000-7f33494b9000 r--s 000ae000 08:05 1181293                    /home/felipe/.m2/repository/org/apache/httpcomponents/httpclient/4.5.5/httpclient-4.5.5.jar
7f33494b9000-7f33494bb000 r--s 00003000 08:05 39715623                   /home/felipe/.m2/repository/com/sun/jersey/contribs/jersey-apache-client4/1.19.1/jersey-apache-client4-1.19.1.jar
7f33494bb000-7f33494be000 r--s 0001e000 08:05 39715619                   /home/felipe/.m2/repository/com/sun/jersey/jersey-client/1.19.1/jersey-client-1.19.1.jar
7f33494be000-7f33494c8000 r--s 00061000 08:05 39715617                   /home/felipe/.m2/repository/com/sun/jersey/jersey-core/1.19.1/jersey-core-1.19.1.jar
7f33494c8000-7f33494cc000 r--s 00027000 08:05 39715615                   /home/felipe/.m2/repository/com/netflix/servo/servo-internal/0.10.1/servo-internal-0.10.1.jar
7f33494cc000-7f33494d1000 r--s 00032000 08:05 39715613                   /home/felipe/.m2/repository/com/netflix/servo/servo-core/0.10.1/servo-core-0.10.1.jar
7f33494d1000-7f33494d3000 r--s 0000a000 08:05 39715611                   /home/felipe/.m2/repository/javax/ws/rs/jsr311-api/1.1.1/jsr311-api-1.1.1.jar
7f33494d3000-7f33494d7000 r--s 0001f000 08:05 1181338                    /home/felipe/.m2/repository/com/netflix/archaius/archaius-core/0.7.5/archaius-core-0.7.5.jar
7f33494d7000-7f33494ea000 r--s 000df000 08:05 39585441                   /home/felipe/.m2/repository/org/apache/commons/commons-math/2.2/commons-math-2.2.jar
7f33494ea000-7f33494ef000 r--s 00034000 08:05 1181272                    /home/felipe/.m2/repository/com/google/code/gson/gson/2.8.2/gson-2.8.2.jar
7f33494ef000-7f33494f4000 r--s 00068000 08:05 38667547                   /home/felipe/.m2/repository/antlr/antlr/2.7.7/antlr-2.7.7.jar
7f33494f4000-7f33494f7000 r--s 00022000 08:05 39715607                   /home/felipe/.m2/repository/org/antlr/stringtemplate/3.2.1/stringtemplate-3.2.1.jar
7f33494f7000-7f33494fb000 r--s 00025000 08:05 39715605                   /home/felipe/.m2/repository/org/antlr/antlr-runtime/3.4/antlr-runtime-3.4.jar
7f33494fb000-7f334950c000 r--s 0008a000 08:05 39715603                   /home/felipe/.m2/repository/joda-time/joda-time/2.9.9/joda-time-2.9.9.jar
7f334950c000-7f3349512000 r--s 00044000 08:05 39715601                   /home/felipe/.m2/repository/commons-jxpath/commons-jxpath/1.3/commons-jxpath-1.3.jar
7f3349512000-7f3349515000 r--s 00016000 08:05 39715599                   /home/felipe/.m2/repository/com/netflix/netflix-commons/netflix-infix/0.3.0/netflix-infix-0.3.0.jar
7f3349515000-7f3349517000 r--s 0000f000 08:05 39715597                   /home/felipe/.m2/repository/com/netflix/netflix-commons/netflix-eventbus/0.3.0/netflix-eventbus-0.3.0.jar
7f3349517000-7f3349519000 r--s 00005000 08:05 39715596                   /home/felipe/.m2/repository/stax/stax-api/1.0.1/stax-api-1.0.1.jar
7f3349519000-7f334951c000 r--s 00012000 08:05 39715593                   /home/felipe/.m2/repository/org/codehaus/jettison/jettison/1.3.7/jettison-1.3.7.jar
7f334951c000-7f3349527000 r--s 00061000 08:05 1181260                    /home/felipe/.m2/repository/com/netflix/eureka/eureka-client/1.8.7/eureka-client-1.8.7.jar
7f3349527000-7f334952b000 r--s 00014000 08:05 1181267                    /home/felipe/.m2/repository/org/springframework/cloud/spring-cloud-netflix-eureka-client/2.0.0.M8/spring-cloud-netflix-eureka-client-2.0.0.M8.jar
7f334952b000-7f3349544000 r--s 001bf000 08:05 38667535                   /home/felipe/.m2/repository/org/aspectj/aspectjweaver/1.8.13/aspectjweaver-1.8.13.jar
7f3349544000-7f3349545000 r--s 00000000 08:05 655931                     /home/felipe/.m2/repository/org/springframework/boot/spring-boot-starter-aop/2.0.1.RELEASE/spring-boot-starter-aop-2.0.1.RELEASE.jar
7f3349545000-7f3349547000 r--s 00005000 08:05 1181266                    /home/felipe/.m2/repository/org/springframework/cloud/spring-cloud-netflix-core/2.0.0.M8/spring-cloud-netflix-core-2.0.0.M8.jar
7f3349547000-7f3349592000 r--s 002ff000 08:05 1181265                    /home/felipe/.m2/repository/org/bouncycastle/bcprov-jdk15on/1.56/bcprov-jdk15on-1.56.jar
7f3349592000-7f33495a3000 r--s 00097000 08:05 1181263                    /home/felipe/.m2/repository/org/bouncycastle/bcpkix-jdk15on/1.56/bcpkix-jdk15on-1.56.jar
7f33495a3000-7f33495a4000 r--s 00004000 08:05 1181261                    /home/felipe/.m2/repository/org/springframework/security/spring-security-rsa/1.0.5.RELEASE/spring-security-rsa-1.0.5.RELEASE.jar
7f33495a4000-7f33495a9000 r--s 0001b000 08:05 1181313                    /home/felipe/.m2/repository/org/springframework/cloud/spring-cloud-commons/2.0.0.M9/spring-cloud-commons-2.0.0.M9.jar
7f33495a9000-7f33495ab000 r--s 00010000 08:05 39717101                   /home/felipe/.m2/repository/org/springframework/security/spring-security-crypto/5.0.4.RELEASE/spring-security-crypto-5.0.4.RELEASE.jar
7f33495ab000-7f33495ae000 r--s 00016000 08:05 1181258                    /home/felipe/.m2/repository/org/springframework/cloud/spring-cloud-context/2.0.0.M9/spring-cloud-context-2.0.0.M9.jar
7f33495ae000-7f33495af000 r--s 00000000 08:05 1181326                    /home/felipe/.m2/repository/org/springframework/cloud/spring-cloud-starter/2.0.0.M9/spring-cloud-starter-2.0.0.M9.jar
7f33495af000-7f33495b0000 r--s 00000000 08:05 1181248                    /home/felipe/.m2/repository/org/springframework/cloud/spring-cloud-starter-netflix-eureka-client/2.0.0.M8/spring-cloud-starter-netflix-eureka-client-2.0.0.M8.jar
7f33495b0000-7f33495b2000 r--s 00006000 08:05 655927                     /home/felipe/.m2/repository/org/latencyutils/LatencyUtils/2.0.3/LatencyUtils-2.0.3.jar
7f33495b2000-7f33495b4000 r--s 0001b000 08:05 655925                     /home/felipe/.m2/repository/org/hdrhistogram/HdrHistogram/2.1.10/HdrHistogram-2.1.10.jar
7f33495b4000-7f33495bb000 r--s 00043000 08:05 655923                     /home/felipe/.m2/repository/io/micrometer/micrometer-core/1.0.3/micrometer-core-1.0.3.jar
7f33495bb000-7f33495be000 r--s 00015000 08:05 39324296                   /home/felipe/.m2/repository/com/fasterxml/jackson/datatype/jackson-datatype-jsr310/2.9.3/jackson-datatype-jsr310-2.9.3.jar
7f33495be000-7f33495c3000 r--s 0003f000 08:05 39454371                   /home/felipe/.m2/repository/org/springframework/spring-expression/5.0.5.RELEASE/spring-expression-5.0.5.RELEASE.jar
7f33495c3000-7f33495d0000 r--s 00095000 08:05 38538078                   /home/felipe/.m2/repository/org/springframework/spring-beans/5.0.5.RELEASE/spring-beans-5.0.5.RELEASE.jar
7f33495d0000-7f33495d9000 r--s 00051000 08:05 38405964                   /home/felipe/.m2/repository/org/springframework/spring-aop/5.0.5.RELEASE/spring-aop-5.0.5.RELEASE.jar
7f33495d9000-7f33495f3000 r--s 000f1000 08:05 38274364                   /home/felipe/.m2/repository/org/springframework/spring-context/5.0.5.RELEASE/spring-context-5.0.5.RELEASE.jar
7f33495f3000-7f3349606000 r--s 00134000 08:05 39324288                   /home/felipe/.m2/repository/com/fasterxml/jackson/core/jackson-databind/2.9.3/jackson-databind-2.9.3.jar
7f3349606000-7f3349614000 r--s 00063000 08:05 40241918                   /home/felipe/.m2/repository/org/springframework/boot/spring-boot-actuator/2.0.1.RELEASE/spring-boot-actuator-2.0.1.RELEASE.jar
7f3349614000-7f3349620000 r--s 0004f000 08:05 40111191                   /home/felipe/.m2/repository/org/springframework/boot/spring-boot-actuator-autoconfigure/2.0.1.RELEASE/spring-boot-actuator-autoconfigure-2.0.1.RELEASE.jar
7f3349620000-7f3349627000 r--s 00042000 08:05 38667533                   /home/felipe/.m2/repository/org/yaml/snakeyaml/1.19/snakeyaml-1.19.jar
7f3349627000-7f3349629000 r--s 00005000 08:05 38667531                   /home/felipe/.m2/repository/javax/annotation/javax.annotation-api/1.3.2/javax.annotation-api-1.3.2.jar
7f3349629000-7f334962b000 r--s 00000000 08:05 38667529                   /home/felipe/.m2/repository/org/slf4j/jul-to-slf4j/1.7.25/jul-to-slf4j-1.7.25.jar
7f334962b000-7f3349631000 r--s 00039000 08:05 38667527                   /home/felipe/.m2/repository/org/apache/logging/log4j/log4j-api/2.10.0/log4j-api-2.10.0.jar
7f3349631000-7f3349633000 r--s 00003000 08:05 38667525                   /home/felipe/.m2/repository/org/apache/logging/log4j/log4j-to-slf4j/2.10.0/log4j-to-slf4j-2.10.0.jar
7f3349633000-7f334963e000 r--s 00069000 08:05 38667523                   /home/felipe/.m2/repository/ch/qos/logback/logback-core/1.2.3/logback-core-1.2.3.jar
7f334963e000-7f3349644000 r--s 00041000 08:05 38666333                   /home/felipe/.m2/repository/ch/qos/logback/logback-classic/1.2.3/logback-classic-1.2.3.jar
7f3349644000-7f3349645000 r--s 00000000 08:05 39847723                   /home/felipe/.m2/repository/org/springframework/boot/spring-boot-starter-logging/2.0.1.RELEASE/spring-boot-starter-logging-2.0.1.RELEASE.jar
7f3349645000-7f3349646000 r--s 00000000 08:05 39060644                   /home/felipe/.m2/repository/org/springframework/boot/spring-boot-starter/2.0.1.RELEASE/spring-boot-starter-2.0.1.RELEASE.jar
7f3349646000-7f3349647000 r--s 00000000 08:05 39585575                   /home/felipe/.m2/repository/org/springframework/boot/spring-boot-starter-actuator/2.0.1.RELEASE/spring-boot-starter-actuator-2.0.1.RELEASE.jar
7f3349647000-7f33496dd000 r--s 0110a000 08:01 536796                     /usr/lib/jvm/java-8-oracle/jre/lib/ext/jfxrt.jar
7f33496dd000-7f33496e0000 ---p 00000000 00:00 0 
7f33496e0000-7f33497de000 rw-p 00000000 00:00 0 
7f33497de000-7f3349ab8000 r--p 00000000 08:01 525270                     /usr/lib/locale/locale-archive
7f3349ab8000-7f3349abb000 ---p 00000000 00:00 0 
7f3349abb000-7f3349bb9000 rw-p 00000000 00:00 0 
7f3349bb9000-7f3349bbc000 ---p 00000000 00:00 0 
7f3349bbc000-7f3349cba000 rw-p 00000000 00:00 0 
7f3349cba000-7f3349cbb000 ---p 00000000 00:00 0 
7f3349cbb000-7f334acca000 rw-p 00000000 00:00 0 
7f334acca000-7f334aea3000 r--s 03d64000 08:01 536734                     /usr/lib/jvm/java-8-oracle/jre/lib/rt.jar
7f334aea3000-7f334ba7d000 rw-p 00000000 00:00 0 
7f334ba7d000-7f334ba7e000 ---p 00000000 00:00 0 
7f334ba7e000-7f334bb7e000 rw-p 00000000 00:00 0 
7f334bb7e000-7f334bb7f000 ---p 00000000 00:00 0 
7f334bb7f000-7f334bc7f000 rw-p 00000000 00:00 0 
7f334bc7f000-7f334bc80000 ---p 00000000 00:00 0 
7f334bc80000-7f334bda7000 rw-p 00000000 00:00 0 
7f334bda7000-7f334c012000 ---p 00000000 00:00 0 
7f334c012000-7f334c039000 rw-p 00000000 00:00 0 
7f334c039000-7f334c2a3000 ---p 00000000 00:00 0 
7f334c2a3000-7f334c353000 rw-p 00000000 00:00 0 
7f334c353000-7f334c3ec000 ---p 00000000 00:00 0 
7f334c3ec000-7f334c414000 rw-p 00000000 00:00 0 
7f334c414000-7f334c7ad000 ---p 00000000 00:00 0 
7f334c7ad000-7f334d16d000 rwxp 00000000 00:00 0 
7f334d16d000-7f335b7ad000 ---p 00000000 00:00 0 
7f335b7ad000-7f335b7c8000 r-xp 00000000 08:01 536944                     /usr/lib/jvm/java-8-oracle/jre/lib/amd64/libzip.so
7f335b7c8000-7f335b9c8000 ---p 0001b000 08:01 536944                     /usr/lib/jvm/java-8-oracle/jre/lib/amd64/libzip.so
7f335b9c8000-7f335b9c9000 rw-p 0001b000 08:01 536944                     /usr/lib/jvm/java-8-oracle/jre/lib/amd64/libzip.so
7f335b9c9000-7f335b9d4000 r-xp 00000000 08:01 1315883                    /lib/x86_64-linux-gnu/libnss_files-2.23.so
7f335b9d4000-7f335bbd3000 ---p 0000b000 08:01 1315883                    /lib/x86_64-linux-gnu/libnss_files-2.23.so
7f335bbd3000-7f335bbd4000 r--p 0000a000 08:01 1315883                    /lib/x86_64-linux-gnu/libnss_files-2.23.so
7f335bbd4000-7f335bbd5000 rw-p 0000b000 08:01 1315883                    /lib/x86_64-linux-gnu/libnss_files-2.23.so
7f335bbd5000-7f335bbdb000 rw-p 00000000 00:00 0 
7f335bbdb000-7f335bbe6000 r-xp 00000000 08:01 1315890                    /lib/x86_64-linux-gnu/libnss_nis-2.23.so
7f335bbe6000-7f335bde5000 ---p 0000b000 08:01 1315890                    /lib/x86_64-linux-gnu/libnss_nis-2.23.so
7f335bde5000-7f335bde6000 r--p 0000a000 08:01 1315890                    /lib/x86_64-linux-gnu/libnss_nis-2.23.so
7f335bde6000-7f335bde7000 rw-p 0000b000 08:01 1315890                    /lib/x86_64-linux-gnu/libnss_nis-2.23.so
7f335bde7000-7f335bdfd000 r-xp 00000000 08:01 1315553                    /lib/x86_64-linux-gnu/libnsl-2.23.so
7f335bdfd000-7f335bffc000 ---p 00016000 08:01 1315553                    /lib/x86_64-linux-gnu/libnsl-2.23.so
7f335bffc000-7f335bffd000 r--p 00015000 08:01 1315553                    /lib/x86_64-linux-gnu/libnsl-2.23.so
7f335bffd000-7f335bffe000 rw-p 00016000 08:01 1315553                    /lib/x86_64-linux-gnu/libnsl-2.23.so
7f335bffe000-7f335c000000 rw-p 00000000 00:00 0 
7f335c000000-7f335cf55000 rw-p 00000000 00:00 0 
7f335cf55000-7f3360000000 ---p 00000000 00:00 0 
7f3360000000-7f3360013000 r--s 00345000 08:01 536772                     /usr/lib/jvm/java-8-oracle/jre/lib/resources.jar
7f3360013000-7f3360026000 r--s 000d6000 08:01 536676                     /usr/lib/jvm/java-8-oracle/jre/lib/plugin.jar
7f3360026000-7f3360042000 r--s 0020b000 08:01 536652                     /usr/lib/jvm/java-8-oracle/jre/lib/deploy.jar
7f3360042000-7f33600b8000 rw-p 00000000 00:00 0 
7f33600b8000-7f33600b9000 ---p 00000000 00:00 0 
7f33600b9000-7f33601b9000 rw-p 00000000 00:00 0 
7f33601b9000-7f33601c1000 r-xp 00000000 08:01 1315875                    /lib/x86_64-linux-gnu/libnss_compat-2.23.so
7f33601c1000-7f33603c0000 ---p 00008000 08:01 1315875                    /lib/x86_64-linux-gnu/libnss_compat-2.23.so
7f33603c0000-7f33603c1000 r--p 00007000 08:01 1315875                    /lib/x86_64-linux-gnu/libnss_compat-2.23.so
7f33603c1000-7f33603c2000 rw-p 00008000 08:01 1315875                    /lib/x86_64-linux-gnu/libnss_compat-2.23.so
7f33603c2000-7f33603cc000 r-xp 00000000 08:01 536953                     /usr/lib/jvm/java-8-oracle/jre/lib/amd64/libinstrument.so
7f33603cc000-7f33605cb000 ---p 0000a000 08:01 536953                     /usr/lib/jvm/java-8-oracle/jre/lib/amd64/libinstrument.so
7f33605cb000-7f33605cc000 rw-p 00009000 08:01 536953                     /usr/lib/jvm/java-8-oracle/jre/lib/amd64/libinstrument.so
7f33605cc000-7f33605f7000 r-xp 00000000 08:01 536938                     /usr/lib/jvm/java-8-oracle/jre/lib/amd64/libjava.so
7f33605f7000-7f33607f6000 ---p 0002b000 08:01 536938                     /usr/lib/jvm/java-8-oracle/jre/lib/amd64/libjava.so
7f33607f6000-7f33607f8000 rw-p 0002a000 08:01 536938                     /usr/lib/jvm/java-8-oracle/jre/lib/amd64/libjava.so
7f33607f8000-7f3360805000 r-xp 00000000 08:01 536943                     /usr/lib/jvm/java-8-oracle/jre/lib/amd64/libverify.so
7f3360805000-7f3360a05000 ---p 0000d000 08:01 536943                     /usr/lib/jvm/java-8-oracle/jre/lib/amd64/libverify.so
7f3360a05000-7f3360a07000 rw-p 0000d000 08:01 536943                     /usr/lib/jvm/java-8-oracle/jre/lib/amd64/libverify.so
7f3360a07000-7f3360a0e000 r-xp 00000000 08:01 1315895                    /lib/x86_64-linux-gnu/librt-2.23.so
7f3360a0e000-7f3360c0d000 ---p 00007000 08:01 1315895                    /lib/x86_64-linux-gnu/librt-2.23.so
7f3360c0d000-7f3360c0e000 r--p 00006000 08:01 1315895                    /lib/x86_64-linux-gnu/librt-2.23.so
7f3360c0e000-7f3360c0f000 rw-p 00007000 08:01 1315895                    /lib/x86_64-linux-gnu/librt-2.23.so
7f3360c0f000-7f3360d17000 r-xp 00000000 08:01 1315552                    /lib/x86_64-linux-gnu/libm-2.23.so
7f3360d17000-7f3360f16000 ---p 00108000 08:01 1315552                    /lib/x86_64-linux-gnu/libm-2.23.so
7f3360f16000-7f3360f17000 r--p 00107000 08:01 1315552                    /lib/x86_64-linux-gnu/libm-2.23.so
7f3360f17000-7f3360f18000 rw-p 00108000 08:01 1315552                    /lib/x86_64-linux-gnu/libm-2.23.so
7f3360f18000-7f3361bf1000 r-xp 00000000 08:01 536921                     /usr/lib/jvm/java-8-oracle/jre/lib/amd64/server/libjvm.so
7f3361bf1000-7f3361df0000 ---p 00cd9000 08:01 536921                     /usr/lib/jvm/java-8-oracle/jre/lib/amd64/server/libjvm.so
7f3361df0000-7f3361ec9000 rw-p 00cd8000 08:01 536921                     /usr/lib/jvm/java-8-oracle/jre/lib/amd64/server/libjvm.so
7f3361ec9000-7f3361f15000 rw-p 00000000 00:00 0 
7f3361f15000-7f33620d5000 r-xp 00000000 08:01 1315636                    /lib/x86_64-linux-gnu/libc-2.23.so
7f33620d5000-7f33622d5000 ---p 001c0000 08:01 1315636                    /lib/x86_64-linux-gnu/libc-2.23.so
7f33622d5000-7f33622d9000 r--p 001c0000 08:01 1315636                    /lib/x86_64-linux-gnu/libc-2.23.so
7f33622d9000-7f33622db000 rw-p 001c4000 08:01 1315636                    /lib/x86_64-linux-gnu/libc-2.23.so
7f33622db000-7f33622df000 rw-p 00000000 00:00 0 
7f33622df000-7f33622e2000 r-xp 00000000 08:01 1315793                    /lib/x86_64-linux-gnu/libdl-2.23.so
7f33622e2000-7f33624e1000 ---p 00003000 08:01 1315793                    /lib/x86_64-linux-gnu/libdl-2.23.so
7f33624e1000-7f33624e2000 r--p 00002000 08:01 1315793                    /lib/x86_64-linux-gnu/libdl-2.23.so
7f33624e2000-7f33624e3000 rw-p 00003000 08:01 1315793                    /lib/x86_64-linux-gnu/libdl-2.23.so
7f33624e3000-7f33624f9000 r-xp 00000000 08:01 536559                     /usr/lib/jvm/java-8-oracle/lib/amd64/jli/libjli.so
7f33624f9000-7f33626f8000 ---p 00016000 08:01 536559                     /usr/lib/jvm/java-8-oracle/lib/amd64/jli/libjli.so
7f33626f8000-7f33626f9000 rw-p 00015000 08:01 536559                     /usr/lib/jvm/java-8-oracle/lib/amd64/jli/libjli.so
7f33626f9000-7f3362711000 r-xp 00000000 08:01 1315610                    /lib/x86_64-linux-gnu/libpthread-2.23.so
7f3362711000-7f3362910000 ---p 00018000 08:01 1315610                    /lib/x86_64-linux-gnu/libpthread-2.23.so
7f3362910000-7f3362911000 r--p 00017000 08:01 1315610                    /lib/x86_64-linux-gnu/libpthread-2.23.so
7f3362911000-7f3362912000 rw-p 00018000 08:01 1315610                    /lib/x86_64-linux-gnu/libpthread-2.23.so
7f3362912000-7f3362916000 rw-p 00000000 00:00 0 
7f3362916000-7f336293c000 r-xp 00000000 08:01 1315609                    /lib/x86_64-linux-gnu/ld-2.23.so
7f336293c000-7f336293d000 r--s 00000000 08:01 536658                     /usr/lib/jvm/java-8-oracle/jre/lib/management-agent.jar
7f336293d000-7f3362942000 r--s 0009d000 08:01 536791                     /usr/lib/jvm/java-8-oracle/jre/lib/jsse.jar
7f3362942000-7f3362947000 r--s 00084000 08:01 536651                     /usr/lib/jvm/java-8-oracle/jre/lib/jfr.jar
7f3362947000-7f3362a18000 rw-p 00000000 00:00 0 
7f3362a18000-7f3362a1b000 ---p 00000000 00:00 0 
7f3362a1b000-7f3362b1e000 rw-p 00000000 00:00 0 
7f3362b1e000-7f3362b20000 r--s 00007000 08:01 536966                     /usr/lib/jvm/java-8-oracle/jre/lib/jfxswt.jar
7f3362b20000-7f3362b23000 r--s 0001a000 08:01 536964                     /usr/lib/jvm/java-8-oracle/jre/lib/jce.jar
7f3362b23000-7f3362b2c000 r--s 0006d000 08:01 536661                     /usr/lib/jvm/java-8-oracle/jre/lib/javaws.jar
7f3362b2c000-7f3362b31000 r--s 002f9000 08:01 536732                     /usr/lib/jvm/java-8-oracle/jre/lib/charsets.jar
7f3362b31000-7f3362b39000 rw-s 00000000 08:01 1082143                    /tmp/hsperfdata_felipe/24555
7f3362b39000-7f3362b3a000 rw-p 00000000 00:00 0 
7f3362b3a000-7f3362b3b000 ---p 00000000 00:00 0 
7f3362b3b000-7f3362b3c000 r--p 00025000 08:01 1315609                    /lib/x86_64-linux-gnu/ld-2.23.so
7f3362b3c000-7f3362b3d000 rw-p 00026000 08:01 1315609                    /lib/x86_64-linux-gnu/ld-2.23.so
7f3362b3d000-7f3362b3e000 rw-p 00000000 00:00 0 
7ffe6f01f000-7ffe6f044000 rw-p 00000000 00:00 0                          [stack]
7ffe6f150000-7ffe6f153000 r--p 00000000 00:00 0                          [vvar]
7ffe6f153000-7ffe6f155000 r-xp 00000000 00:00 0                          [vdso]
ffffffffff600000-ffffffffff601000 r-xp 00000000 00:00 0                  [vsyscall]

VM Arguments:
jvm_args: -XX:TieredStopAtLevel=1 -Xverify:none -Dspring.output.ansi.enabled=always -Dcom.sun.management.jmxremote -Dcom.sun.management.jmxremote.port=41983 -Dcom.sun.management.jmxremote.authenticate=false -Dcom.sun.management.jmxremote.ssl=false -Djava.rmi.server.hostname=localhost -Dspring.liveBeansView.mbeanDomain -Dspring.application.admin.enabled=true -javaagent:/home/felipe/idea-IU-181.4203.550/lib/idea_rt.jar=39766:/home/felipe/idea-IU-181.4203.550/bin -Dfile.encoding=UTF-8 
java_command: com.felipe.microservices.netflixzuulapigatewayserver.NetflixZuulApiGatewayServerApplication
java_class_path (initial): /usr/lib/jvm/java-8-oracle/jre/lib/charsets.jar:/usr/lib/jvm/java-8-oracle/jre/lib/deploy.jar:/usr/lib/jvm/java-8-oracle/jre/lib/ext/cldrdata.jar:/usr/lib/jvm/java-8-oracle/jre/lib/ext/dnsns.jar:/usr/lib/jvm/java-8-oracle/jre/lib/ext/jaccess.jar:/usr/lib/jvm/java-8-oracle/jre/lib/ext/jfxrt.jar:/usr/lib/jvm/java-8-oracle/jre/lib/ext/localedata.jar:/usr/lib/jvm/java-8-oracle/jre/lib/ext/nashorn.jar:/usr/lib/jvm/java-8-oracle/jre/lib/ext/sunec.jar:/usr/lib/jvm/java-8-oracle/jre/lib/ext/sunjce_provider.jar:/usr/lib/jvm/java-8-oracle/jre/lib/ext/sunpkcs11.jar:/usr/lib/jvm/java-8-oracle/jre/lib/ext/zipfs.jar:/usr/lib/jvm/java-8-oracle/jre/lib/javaws.jar:/usr/lib/jvm/java-8-oracle/jre/lib/jce.jar:/usr/lib/jvm/java-8-oracle/jre/lib/jfr.jar:/usr/lib/jvm/java-8-oracle/jre/lib/jfxswt.jar:/usr/lib/jvm/java-8-oracle/jre/lib/jsse.jar:/usr/lib/jvm/java-8-oracle/jre/lib/management-agent.jar:/usr/lib/jvm/java-8-oracle/jre/lib/plugin.jar:/usr/lib/jvm/java-8-oracle/jre/lib/resources.jar:/usr/lib/jvm/java-8-oracle/jre/lib/rt.jar:/home/felipe/idea-IU-181.4203.550/workspace/spring-cloud-netflix-oss/netflix-zuul-api-gateway-server/target/classes:/home/felipe/.m2/repository/org/springframework/boot/spring-boot-starter-actuator/2.0.1.RELEASE/spring-boot-starter-actuator-2.0.1.RELEASE.jar:/home/felipe/.m2/repository/org/springframework/boot/spring-boot-starter/2.0.1.RELEASE/spring-boot-starter-2.0.1.RELEASE.jar:/home/felipe/.m2/repository/org/springframework/boot/spring-boot-starter-logging/2.0.1.RELEASE/spring-boot-starter-logging-2.0.1.RELEASE.jar:/home/felipe/.m2/repository/ch/qos/logback/logback-classic/1.2.3/logback-classic-1.2.3.jar:/home/felipe/.m2/repository/ch/qos/logback/logback-core/1.2.3/logback-core-1.2.3.jar:/home/felipe/.m2/repository/org/apache/logging/log4j/log4j-to-slf4j/2.10.0/log4j-to-slf4j-2.10.0.jar:/home/felipe/.m2/repository/org/apache/logging/log4j/log4j-api/2.10.0/log4j-api-2.10.0.jar:/home/felipe/.m2/repository/org/slf4j/jul-to-slf4j/1.
Launcher Type: SUN_STANDARD

Environment Variables:
JAVA_HOME=/usr/lib/jvm/java-8-oracle
CLASSPATH=/home/felipe/idea-IU-181.4203.550/lib/bootstrap.jar:/home/felipe/idea-IU-181.4203.550/lib/extensions.jar:/home/felipe/idea-IU-181.4203.550/lib/util.jar:/home/felipe/idea-IU-181.4203.550/lib/jdom.jar:/home/felipe/idea-IU-181.4203.550/lib/log4j.jar:/home/felipe/idea-IU-181.4203.550/lib/trove4j.jar:/home/felipe/idea-IU-181.4203.550/lib/jna.jar:/home/felipe/idea-IU-181.4203.550/jre64/lib/tools.jar
PATH=/home/felipe/bin:/home/felipe/.local/bin:/home/felipe/apache-maven-3.5.3/bin:/home/felipe/idea-IU-181.4203.550/bin:/usr/lib/jvm/java-8-oracle/bin:/usr/local/sbin:/usr/local/bin:/usr/sbin:/usr/bin:/sbin:/bin:/usr/games:/usr/local/games:/snap/bin:/usr/lib/jvm/java-8-oracle/bin:/usr/lib/jvm/java-8-oracle/db/bin:/usr/lib/jvm/java-8-oracle/jre/bin
SHELL=/bin/bash
DISPLAY=:0

Signal Handlers:
SIGSEGV: [libjvm.so+0xad01e0], sa_mask[0]=11111111011111111101111111111110, sa_flags=SA_RESTART|SA_SIGINFO
SIGBUS: [libjvm.so+0xad01e0], sa_mask[0]=11111111011111111101111111111110, sa_flags=SA_RESTART|SA_SIGINFO
SIGFPE: [libjvm.so+0x927fb0], sa_mask[0]=11111111011111111101111111111110, sa_flags=SA_RESTART|SA_SIGINFO
SIGPIPE: [libjvm.so+0x927fb0], sa_mask[0]=11111111011111111101111111111110, sa_flags=SA_RESTART|SA_SIGINFO
SIGXFSZ: [libjvm.so+0x927fb0], sa_mask[0]=11111111011111111101111111111110, sa_flags=SA_RESTART|SA_SIGINFO
SIGILL: [libjvm.so+0x927fb0], sa_mask[0]=11111111011111111101111111111110, sa_flags=SA_RESTART|SA_SIGINFO
SIGUSR1: SIG_DFL, sa_mask[0]=00000000000000000000000000000000, sa_flags=none
SIGUSR2: [libjvm.so+0x9297f0], sa_mask[0]=00100000000000000000000000000000, sa_flags=SA_RESTART|SA_SIGINFO
SIGHUP: [libjvm.so+0x92abf0], sa_mask[0]=11111111011111111101111111111110, sa_flags=SA_RESTART|SA_SIGINFO
SIGINT: [libjvm.so+0x92abf0], sa_mask[0]=11111111011111111101111111111110, sa_flags=SA_RESTART|SA_SIGINFO
SIGTERM: [libjvm.so+0x92abf0], sa_mask[0]=11111111011111111101111111111110, sa_flags=SA_RESTART|SA_SIGINFO
SIGQUIT: [libjvm.so+0x92abf0], sa_mask[0]=11111111011111111101111111111110, sa_flags=SA_RESTART|SA_SIGINFO


---------------  S Y S T E M  ---------------

OS:DISTRIB_ID=Ubuntu
DISTRIB_RELEASE=16.04
DISTRIB_CODENAME=xenial
DISTRIB_DESCRIPTION="Ubuntu 16.04.3 LTS"

uname:Linux 4.4.0-119-generic #143-Ubuntu SMP Mon Apr 2 16:08:24 UTC 2018 x86_64
libc:glibc 2.23 NPTL 2.23 
rlimit: STACK 8192k, CORE 0k, NPROC 31364, NOFILE 1048576, AS infinity
load average:4,60 2,17 1,68

/proc/meminfo:
MemTotal:        8069944 kB
MemFree:          128536 kB
MemAvailable:      60364 kB
Buffers:            7436 kB
Cached:          1101680 kB
SwapCached:            0 kB
Active:          6678700 kB
Inactive:        1015584 kB
Active(anon):    6637668 kB
Inactive(anon):   975000 kB
Active(file):      41032 kB
Inactive(file):    40584 kB
Unevictable:         272 kB
Mlocked:             272 kB
SwapTotal:             0 kB
SwapFree:              0 kB
Dirty:              1144 kB
Writeback:             0 kB
AnonPages:       6586324 kB
Mapped:           543052 kB
Shmem:           1026316 kB
Slab:             101772 kB
SReclaimable:      51900 kB
SUnreclaim:        49872 kB
KernelStack:       20368 kB
PageTables:        64720 kB
NFS_Unstable:          0 kB
Bounce:                0 kB
WritebackTmp:          0 kB
CommitLimit:     4034972 kB
Committed_AS:   16935200 kB
VmallocTotal:   34359738367 kB
VmallocUsed:           0 kB
VmallocChunk:          0 kB
HardwareCorrupted:     0 kB
AnonHugePages:         0 kB
CmaTotal:              0 kB
CmaFree:               0 kB
HugePages_Total:       0
HugePages_Free:        0
HugePages_Rsvd:        0
HugePages_Surp:        0
Hugepagesize:       2048 kB
DirectMap4k:      163304 kB
DirectMap2M:     8120320 kB


CPU:total 4 (initial active 4) (2 cores per cpu, 2 threads per core) family 6 model 58 stepping 9, cmov, cx8, fxsr, mmx, sse, sse2, sse3, ssse3, sse4.1, sse4.2, popcnt, avx, aes, clmul, erms, ht, tsc, tscinvbit, tscinv

/proc/cpuinfo:
processor	: 0
vendor_id	: GenuineIntel
cpu family	: 6
model		: 58
model name	: Intel(R) Core(TM) i5-3337U CPU @ 1.80GHz
stepping	: 9
microcode	: 0x17
cpu MHz		: 1131.750
cache size	: 3072 KB
physical id	: 0
siblings	: 4
core id		: 0
cpu cores	: 2
apicid		: 0
initial apicid	: 0
fpu		: yes
fpu_exception	: yes
cpuid level	: 13
wp		: yes
flags		: fpu vme de pse tsc msr pae mce cx8 apic sep mtrr pge mca cmov pat pse36 clflush dts acpi mmx fxsr sse sse2 ss ht tm pbe syscall nx rdtscp lm constant_tsc arch_perfmon pebs bts rep_good nopl xtopology nonstop_tsc aperfmperf eagerfpu pni pclmulqdq dtes64 monitor ds_cpl vmx est tm2 ssse3 cx16 xtpr pdcm pcid sse4_1 sse4_2 x2apic popcnt tsc_deadline_timer aes xsave avx f16c rdrand lahf_lm epb retpoline kaiser tpr_shadow vnmi flexpriority ept vpid fsgsbase smep erms xsaveopt dtherm ida arat pln pts
bugs		: cpu_meltdown spectre_v1 spectre_v2
bogomips	: 3591.82
clflush size	: 64
cache_alignment	: 64
address sizes	: 36 bits physical, 48 bits virtual
power management:

processor	: 1
vendor_id	: GenuineIntel
cpu family	: 6
model		: 58
model name	: Intel(R) Core(TM) i5-3337U CPU @ 1.80GHz
stepping	: 9
microcode	: 0x17
cpu MHz		: 1166.554
cache size	: 3072 KB
physical id	: 0
siblings	: 4
core id		: 1
cpu cores	: 2
apicid		: 2
initial apicid	: 2
fpu		: yes
fpu_exception	: yes
cpuid level	: 13
wp		: yes
flags		: fpu vme de pse tsc msr pae mce cx8 apic sep mtrr pge mca cmov pat pse36 clflush dts acpi mmx fxsr sse sse2 ss ht tm pbe syscall nx rdtscp lm constant_tsc arch_perfmon pebs bts rep_good nopl xtopology nonstop_tsc aperfmperf eagerfpu pni pclmulqdq dtes64 monitor ds_cpl vmx est tm2 ssse3 cx16 xtpr pdcm pcid sse4_1 sse4_2 x2apic popcnt tsc_deadline_timer aes xsave avx f16c rdrand lahf_lm epb retpoline kaiser tpr_shadow vnmi flexpriority ept vpid fsgsbase smep erms xsaveopt dtherm ida arat pln pts
bugs		: cpu_meltdown spectre_v1 spectre_v2
bogomips	: 3591.82
clflush size	: 64
cache_alignment	: 64
address sizes	: 36 bits physical, 48 bits virtual
power management:

processor	: 2
vendor_id	: GenuineIntel
cpu family	: 6
model		: 58
model name	: Intel(R) Core(TM) i5-3337U CPU @ 1.80GHz
stepping	: 9
microcode	: 0x17
cpu MHz		: 951.960
cache size	: 3072 KB
physical id	: 0
siblings	: 4
core id		: 0
cpu cores	: 2
apicid		: 1
initial apicid	: 1
fpu		: yes
fpu_exception	: yes
cpuid level	: 13
wp		: yes
flags		: fpu vme de pse tsc msr pae mce cx8 apic sep mtrr pge mca cmov pat pse36 clflush dts acpi mmx fxsr sse sse2 ss ht tm pbe syscall nx rdtscp lm constant_tsc arch_perfmon pebs bts rep_good nopl xtopology nonstop_tsc aperfmperf eagerfpu pni pclmulqdq dtes64 monitor ds_cpl vmx est tm2 ssse3 cx16 xtpr pdcm pcid sse4_1 sse4_2 x2apic popcnt tsc_deadline_timer aes xsave avx f16c rdrand lahf_lm epb retpoline kaiser tpr_shadow vnmi flexpriority ept vpid fsgsbase smep erms xsaveopt dtherm ida arat pln pts
bugs		: cpu_meltdown spectre_v1 spectre_v2
bogomips	: 3591.82
clflush size	: 64
cache_alignment	: 64
address sizes	: 36 bits physical, 48 bits virtual
power management:

processor	: 3
vendor_id	: GenuineIntel
cpu family	: 6
model		: 58
model name	: Intel(R) Core(TM) i5-3337U CPU @ 1.80GHz
stepping	: 9
microcode	: 0x17
cpu MHz		: 1152.140
cache size	: 3072 KB
physical id	: 0
siblings	: 4
core id		: 1
cpu cores	: 2
apicid		: 3
initial apicid	: 3
fpu		: yes
fpu_exception	: yes
cpuid level	: 13
wp		: yes
flags		: fpu vme de pse tsc msr pae mce cx8 apic sep mtrr pge mca cmov pat pse36 clflush dts acpi mmx fxsr sse sse2 ss ht tm pbe syscall nx rdtscp lm constant_tsc arch_perfmon pebs bts rep_good nopl xtopology nonstop_tsc aperfmperf eagerfpu pni pclmulqdq dtes64 monitor ds_cpl vmx est tm2 ssse3 cx16 xtpr pdcm pcid sse4_1 sse4_2 x2apic popcnt tsc_deadline_timer aes xsave avx f16c rdrand lahf_lm epb retpoline kaiser tpr_shadow vnmi flexpriority ept vpid fsgsbase smep erms xsaveopt dtherm ida arat pln pts
bugs		: cpu_meltdown spectre_v1 spectre_v2
bogomips	: 3591.82
clflush size	: 64
cache_alignment	: 64
address sizes	: 36 bits physical, 48 bits virtual
power management:



Memory: 4k page, physical 8069944k(128536k free), swap 0k(0k free)

vm_info: Java HotSpot(TM) 64-Bit Server VM (25.161-b12) for linux-amd64 JRE (1.8.0_161-b12), built on Dec 19 2017 16:12:43 by "java_re" with gcc 4.3.0 20080428 (Red Hat 4.3.0-8)

time: Sun Apr 22 13:20:17 2018
elapsed time: 78 seconds (0d 0h 1m 18s)

